<?xml version="1.0" encoding="UTF-8" standalone="no"?>
<!DOCTYPE log SYSTEM "logger.dtd">
<log>
<record>
  <date>2018-11-07T21:38:29</date>
  <millis>1541597909625</millis>
  <sequence>0</sequence>
  <logger>2018_11_07_09_38_28</logger>
  <level>INFO</level>
  <class>com.TestFrame.Log</class>
  <method>write</method>
  <thread>1</thread>
  <message>new Http Object set</message>
</record>
<record>
  <date>2018-11-07T21:38:29</date>
  <millis>1541597909628</millis>
  <sequence>1</sequence>
  <logger>2018_11_07_09_38_28</logger>
  <level>INFO</level>
  <class>com.TestFrame.Log</class>
  <method>write</method>
  <thread>1</thread>
  <message>set post url:</message>
</record>
</log>
