<?xml version="1.0" encoding="UTF-8" standalone="no"?>
<!DOCTYPE log SYSTEM "logger.dtd">
<log>
<record>
  <date>2018-11-07T21:39:03</date>
  <millis>1541597943308</millis>
  <sequence>0</sequence>
  <logger>2018_11_07_09_39_02</logger>
  <level>INFO</level>
  <class>com.TestFrame.Log</class>
  <method>write</method>
  <thread>1</thread>
  <message>new Http Object set</message>
</record>
<record>
  <date>2018-11-07T21:39:03</date>
  <millis>1541597943312</millis>
  <sequence>1</sequence>
  <logger>2018_11_07_09_39_02</logger>
  <level>INFO</level>
  <class>com.TestFrame.Log</class>
  <method>write</method>
  <thread>1</thread>
  <message>set post url:http://www.testingedu.com.cn/inter/HTTP/auth</message>
</record>
</log>
