Nov 08, 2018 9:24:33 PM com.TestFrame.Log write
信息: new Http Object set
Nov 08, 2018 9:24:33 PM com.TestFrame.Log write
信息: set post url: http://www.testingedu.com.cn/inter/HTTP/auth
Nov 08, 2018 9:24:33 PM com.TestFrame.Log write
信息: try to send request
Nov 08, 2018 9:24:34 PM com.TestFrame.Log write
信息: response:-->|{"status":200,"msg":"success","token":"e9f6be07a4a041b3bdca68b3586cce33"}|<---
Nov 08, 2018 9:24:34 PM com.TestFrame.Log write
信息: try to get token
Nov 08, 2018 9:24:34 PM com.TestFrame.Log write
信息: token: --->|e9f6be07a4a041b3bdca68b3586cce33|<---
Nov 08, 2018 9:24:34 PM com.TestFrame.Log write
信息: try to add token
Nov 08, 2018 9:24:34 PM com.TestFrame.Log write
信息: token added: --->|e9f6be07a4a041b3bdca68b3586cce33|<---
Nov 08, 2018 9:24:34 PM com.TestFrame.Log write
信息: assertJson: --->|status = 200|<---
Nov 08, 2018 9:24:34 PM com.TestFrame.Log write
信息: status: --->|200|<---
Nov 08, 2018 9:24:34 PM com.TestFrame.Log write
信息: assertResContain: --->|success|<---
Nov 08, 2018 9:24:34 PM com.TestFrame.Log write
信息: 响应包含字符串：success
